<?xml version="1.0" encoding="UTF-8"?>
<!-- Generated by org.testng.reporters.JUnitXMLReporter -->
<testsuite ignored="0" hostname="DESKTOP-T5RPGMH" failures="1" tests="2" name="Test2" time="153.602" errors="0" timestamp="05 May 2022 06:34:53 GMT">
  <testcase classname="com.testng.practice.TC03_CreateContact_orgBase" name="createcontact_org" time="62.133"/>
  <testcase classname="com.testng.practice.Tc_02CreateNewOrg_ddBase" name="createorg_dd" time="35.09">
    <failure type="java.lang.AssertionError" message="expected [Health, Wellness and Fitness719] but found [Mental Health Care439]">
      <![CDATA[java.lang.AssertionError: expected [Health, Wellness and Fitness719] but found [Mental Health Care439]
at com.testng.practice.Tc_02CreateNewOrg_ddBase.createorg_dd(Tc_02CreateNewOrg_ddBase.java:51)
... Removed 31 stack frames]]>
    </failure>
  </testcase> <!-- createorg_dd -->
</testsuite> <!-- Test2 -->
